<?xml version="1.0" encoding="UTF-8"?>
<!-- Generated by org.testng.reporters.JUnitReportReporter -->
<testsuite hostname="DESKTOP-25UK8F1" failures="0" tests="7" name="StepDefinitions.Runner" time="0.681" errors="0" timestamp="2022-09-25T18:41:26 CEST" skipped="0">
  <testcase classname="StepDefinitions.Runner" name="runScenario" time="0.477"/>
  <system-out/>
  <testcase classname="StepDefinitions.Runner" name="runScenario" time="0.029"/>
  <system-out/>
  <testcase classname="StepDefinitions.Runner" name="runScenario" time="0.041"/>
  <system-out/>
  <testcase classname="StepDefinitions.Runner" name="runScenario" time="0.028"/>
  <system-out/>
  <testcase classname="StepDefinitions.Runner" name="runScenario" time="0.029"/>
  <system-out/>
  <testcase classname="StepDefinitions.Runner" name="runScenario" time="0.031"/>
  <system-out/>
  <testcase classname="StepDefinitions.Runner" name="runScenario" time="0.046"/>
  <system-out/>
</testsuite> <!-- StepDefinitions.Runner -->
